C251 COMPILER V5.60.0,  main                                                               11/03/25  16:09:00  PAGE 1   


C251 COMPILER V5.60.0, COMPILATION OF MODULE main
OBJECT MODULE PLACED IN ..\obj\main.obj
COMPILER INVOKED BY: C:\Keil_v5\C251\BIN\C251.EXE ..\USER\main.c XSMALL INTR2 BROWSE INCDIR(..\GUI;..\LCD;..\sys;..\touc
                    -h;..\USER;..\TinyMaix;TinyMaix;..\font;.;..\TinyMaix) DEBUG PRINT(.\main.lst) TABS(2) OBJECT(..\obj\main.obj) 

stmt  level    source

    1          #include "sys.h"
    2          #include "lcd.h"
    3          #include "gui.h"
    4          #include "test.h"
    5          #include "touch.h"
    6          #include "Ai.h"
    7          //主函数
    8          void main(void)
    9          { 
   10   1          WTST = 0;  //设置程序指令延时参数，赋值为0可将CPU执行指令的速度设置为最快
   11   1          EAXFR = 1; //扩展寄存器(XFR)访问使能
   12   1          CKCON = 0; //提高访问XRAM速度
   13   1      
   14   1          //液晶屏初始化
   15   1          LCD_Init();
   16   1          Ai_init();
   17   1        
   18   1          //循环进行各项测试    
   19   1          while(1)
   20   1          {
   21   2              aiTest();
   22   2          }
   23   1      }


Module Information          Static   Overlayable
------------------------------------------------
  code size            =        20     ------
  ecode size           =    ------     ------
  data size            =    ------     ------
  idata size           =    ------     ------
  pdata size           =    ------     ------
  xdata size           =    ------     ------
  xdata-const size     =    ------     ------
  edata size           =    ------     ------
  bit size             =    ------     ------
  ebit size            =    ------     ------
  bitaddressable size  =    ------     ------
  ebitaddressable size =    ------     ------
  far data size        =    ------     ------
  huge data size       =    ------     ------
  const size           =    ------     ------
  hconst size          =    ------     ------
End of Module Information.


C251 COMPILATION COMPLETE.  0 WARNING(S),  0 ERROR(S)
